This file contains any messages produced by compilers while
running configure, to aid debugging if configure makes a mistake.

It was created by tstat configure 2.0.9, which was
generated by GNU Autoconf 2.61.  Invocation command line was

  $ ./configure 

## --------- ##
## Platform. ##
## --------- ##

hostname = supertramp
uname -m = i686
uname -r = 2.6.26-1-686
uname -s = Linux
uname -v = #1 SMP Wed Oct 1 12:03:14 UTC 2008

/usr/bin/uname -p = unknown
/bin/uname -X     = unknown

/bin/arch              = unknown
/usr/bin/arch -k       = unknown
/usr/convex/getsysinfo = unknown
/usr/bin/hostinfo      = unknown
/bin/machine           = unknown
/usr/bin/oslevel       = unknown
/bin/universe          = unknown

PATH: /usr/local/bin
PATH: /usr/bin
PATH: /bin
PATH: /usr/games
PATH: /home/fina/bin
PATH: /usr/sbin


## ----------- ##
## Core tests. ##
## ----------- ##

configure:1991: checking for a BSD-compatible install
configure:2047: result: /usr/bin/install -c
configure:2058: checking whether build environment is sane
configure:2101: result: yes
configure:2129: checking for a thread-safe mkdir -p
configure:2168: result: /bin/mkdir -p
configure:2181: checking for gawk
configure:2197: found /usr/bin/gawk
configure:2208: result: gawk
configure:2219: checking whether make sets $(MAKE)
configure:2240: result: yes
configure:2517: checking for gcc
configure:2533: found /usr/bin/gcc
configure:2544: result: gcc
configure:2782: checking for C compiler version
configure:2789: gcc --version >&5
gcc (Debian 4.3.2-1) 4.3.2
Copyright (C) 2008 Free Software Foundation, Inc.
This is free software; see the source for copying conditions.  There is NO
warranty; not even for MERCHANTABILITY or FITNESS FOR A PARTICULAR PURPOSE.

configure:2792: $? = 0
configure:2799: gcc -v >&5
Using built-in specs.
Target: i486-linux-gnu
Configured with: ../src/configure -v --with-pkgversion='Debian 4.3.2-1' --with-bugurl=file:///usr/share/doc/gcc-4.3/README.Bugs --enable-languages=c,c++,fortran,objc,obj-c++ --prefix=/usr --enable-shared --with-system-zlib --libexecdir=/usr/lib --without-included-gettext --enable-threads=posix --enable-nls --with-gxx-include-dir=/usr/include/c++/4.3 --program-suffix=-4.3 --enable-clocale=gnu --enable-libstdcxx-debug --enable-objc-gc --enable-mpfr --enable-targets=all --enable-cld --enable-checking=release --build=i486-linux-gnu --host=i486-linux-gnu --target=i486-linux-gnu
Thread model: posix
gcc version 4.3.2 (Debian 4.3.2-1) 
configure:2802: $? = 0
configure:2809: gcc -V >&5
gcc: '-V' option must have argument
configure:2812: $? = 1
configure:2835: checking for C compiler default output file name
configure:2862: gcc    conftest.c  >&5
configure:2865: $? = 0
configure:2903: result: a.out
configure:2920: checking whether the C compiler works
configure:2930: ./a.out
configure:2933: $? = 0
configure:2950: result: yes
configure:2957: checking whether we are cross compiling
configure:2959: result: no
configure:2962: checking for suffix of executables
configure:2969: gcc -o conftest    conftest.c  >&5
configure:2972: $? = 0
configure:2996: result: 
configure:3002: checking for suffix of object files
configure:3028: gcc -c   conftest.c >&5
configure:3031: $? = 0
configure:3054: result: o
configure:3058: checking whether we are using the GNU C compiler
configure:3087: gcc -c   conftest.c >&5
configure:3093: $? = 0
configure:3110: result: yes
configure:3115: checking whether gcc accepts -g
configure:3145: gcc -c -g  conftest.c >&5
configure:3151: $? = 0
configure:3250: result: yes
configure:3267: checking for gcc option to accept ISO C89
configure:3341: gcc  -c -g -O2  conftest.c >&5
configure:3347: $? = 0
configure:3370: result: none needed
configure:3399: checking for style of include used by make
configure:3427: result: GNU
configure:3452: checking dependency style of gcc
configure:3543: result: gcc3
configure:3636: checking build system type
configure:3654: result: i686-pc-linux-gnu
configure:3676: checking host system type
configure:3691: result: i686-pc-linux-gnu
configure:3713: checking for a sed that does not truncate output
configure:3769: result: /bin/sed
configure:3772: checking for grep that handles long lines and -e
configure:3846: result: /bin/grep
configure:3851: checking for egrep
configure:3929: result: /bin/grep -E
configure:3945: checking for ld used by gcc
configure:4012: result: /usr/bin/ld
configure:4021: checking if the linker (/usr/bin/ld) is GNU ld
configure:4036: result: yes
configure:4041: checking for /usr/bin/ld option to reload object files
configure:4048: result: -r
configure:4066: checking for BSD-compatible nm
configure:4115: result: /usr/bin/nm -B
configure:4119: checking whether ln -s works
configure:4123: result: yes
configure:4130: checking how to recognize dependent libraries
configure:4316: result: pass_all
configure:4561: checking how to run the C preprocessor
configure:4601: gcc -E  conftest.c
configure:4607: $? = 0
configure:4638: gcc -E  conftest.c
conftest.c:15:28: error: ac_nonexistent.h: No such file or directory
configure:4644: $? = 1
configure: failed program was:
| /* confdefs.h.  */
| #define PACKAGE_NAME "tstat"
| #define PACKAGE_TARNAME "tstat"
| #define PACKAGE_VERSION "2.0.9"
| #define PACKAGE_STRING "tstat 2.0.9"
| #define PACKAGE_BUGREPORT "<mellia@mail.tlc.polito.it> <rossi@mail.tlc.polito.it>"
| #define PACKAGE "tstat"
| #define VERSION "2.0.9"
| #define VERSION_MAJOR 2
| #define VERSION_MINOR 0
| #define VERSION_BUGFIX 9
| #define VERSION_DATE "Mon Jan 28 11:04:09 CET 2008"
| #define VERSION_FLAVOR "Tamarindo"
| /* end confdefs.h.  */
| #include <ac_nonexistent.h>
configure:4677: result: gcc -E
configure:4706: gcc -E  conftest.c
configure:4712: $? = 0
configure:4743: gcc -E  conftest.c
conftest.c:15:28: error: ac_nonexistent.h: No such file or directory
configure:4749: $? = 1
configure: failed program was:
| /* confdefs.h.  */
| #define PACKAGE_NAME "tstat"
| #define PACKAGE_TARNAME "tstat"
| #define PACKAGE_VERSION "2.0.9"
| #define PACKAGE_STRING "tstat 2.0.9"
| #define PACKAGE_BUGREPORT "<mellia@mail.tlc.polito.it> <rossi@mail.tlc.polito.it>"
| #define PACKAGE "tstat"
| #define VERSION "2.0.9"
| #define VERSION_MAJOR 2
| #define VERSION_MINOR 0
| #define VERSION_BUGFIX 9
| #define VERSION_DATE "Mon Jan 28 11:04:09 CET 2008"
| #define VERSION_FLAVOR "Tamarindo"
| /* end confdefs.h.  */
| #include <ac_nonexistent.h>
configure:4787: checking for ANSI C header files
configure:4817: gcc -c -g -O2  conftest.c >&5
configure:4823: $? = 0
configure:4922: gcc -o conftest -g -O2   conftest.c  >&5
configure:4925: $? = 0
configure:4931: ./conftest
configure:4934: $? = 0
configure:4951: result: yes
configure:4975: checking for sys/types.h
configure:4996: gcc -c -g -O2  conftest.c >&5
configure:5002: $? = 0
configure:5018: result: yes
configure:4975: checking for sys/stat.h
configure:4996: gcc -c -g -O2  conftest.c >&5
configure:5002: $? = 0
configure:5018: result: yes
configure:4975: checking for stdlib.h
configure:4996: gcc -c -g -O2  conftest.c >&5
configure:5002: $? = 0
configure:5018: result: yes
configure:4975: checking for string.h
configure:4996: gcc -c -g -O2  conftest.c >&5
configure:5002: $? = 0
configure:5018: result: yes
configure:4975: checking for memory.h
configure:4996: gcc -c -g -O2  conftest.c >&5
configure:5002: $? = 0
configure:5018: result: yes
configure:4975: checking for strings.h
configure:4996: gcc -c -g -O2  conftest.c >&5
configure:5002: $? = 0
configure:5018: result: yes
configure:4975: checking for inttypes.h
configure:4996: gcc -c -g -O2  conftest.c >&5
configure:5002: $? = 0
configure:5018: result: yes
configure:4975: checking for stdint.h
configure:4996: gcc -c -g -O2  conftest.c >&5
configure:5002: $? = 0
configure:5018: result: yes
configure:4975: checking for unistd.h
configure:4996: gcc -c -g -O2  conftest.c >&5
configure:5002: $? = 0
configure:5018: result: yes
configure:5045: checking dlfcn.h usability
configure:5062: gcc -c -g -O2  conftest.c >&5
configure:5068: $? = 0
configure:5082: result: yes
configure:5086: checking dlfcn.h presence
configure:5101: gcc -E  conftest.c
configure:5107: $? = 0
configure:5121: result: yes
configure:5154: checking for dlfcn.h
configure:5162: result: yes
configure:5233: checking for g++
configure:5249: found /usr/bin/g++
configure:5260: result: g++
configure:5291: checking for C++ compiler version
configure:5298: g++ --version >&5
g++ (Debian 4.3.2-1) 4.3.2
Copyright (C) 2008 Free Software Foundation, Inc.
This is free software; see the source for copying conditions.  There is NO
warranty; not even for MERCHANTABILITY or FITNESS FOR A PARTICULAR PURPOSE.

configure:5301: $? = 0
configure:5308: g++ -v >&5
Using built-in specs.
Target: i486-linux-gnu
Configured with: ../src/configure -v --with-pkgversion='Debian 4.3.2-1' --with-bugurl=file:///usr/share/doc/gcc-4.3/README.Bugs --enable-languages=c,c++,fortran,objc,obj-c++ --prefix=/usr --enable-shared --with-system-zlib --libexecdir=/usr/lib --without-included-gettext --enable-threads=posix --enable-nls --with-gxx-include-dir=/usr/include/c++/4.3 --program-suffix=-4.3 --enable-clocale=gnu --enable-libstdcxx-debug --enable-objc-gc --enable-mpfr --enable-targets=all --enable-cld --enable-checking=release --build=i486-linux-gnu --host=i486-linux-gnu --target=i486-linux-gnu
Thread model: posix
gcc version 4.3.2 (Debian 4.3.2-1) 
configure:5311: $? = 0
configure:5318: g++ -V >&5
g++: '-V' option must have argument
configure:5321: $? = 1
configure:5324: checking whether we are using the GNU C++ compiler
configure:5353: g++ -c   conftest.cpp >&5
configure:5359: $? = 0
configure:5376: result: yes
configure:5381: checking whether g++ accepts -g
configure:5411: g++ -c -g  conftest.cpp >&5
configure:5417: $? = 0
configure:5516: result: yes
configure:5541: checking dependency style of g++
configure:5632: result: gcc3
configure:5657: checking how to run the C++ preprocessor
configure:5693: g++ -E  conftest.cpp
configure:5699: $? = 0
configure:5730: g++ -E  conftest.cpp
conftest.cpp:26:28: error: ac_nonexistent.h: No such file or directory
configure:5736: $? = 1
configure: failed program was:
| /* confdefs.h.  */
| #define PACKAGE_NAME "tstat"
| #define PACKAGE_TARNAME "tstat"
| #define PACKAGE_VERSION "2.0.9"
| #define PACKAGE_STRING "tstat 2.0.9"
| #define PACKAGE_BUGREPORT "<mellia@mail.tlc.polito.it> <rossi@mail.tlc.polito.it>"
| #define PACKAGE "tstat"
| #define VERSION "2.0.9"
| #define VERSION_MAJOR 2
| #define VERSION_MINOR 0
| #define VERSION_BUGFIX 9
| #define VERSION_DATE "Mon Jan 28 11:04:09 CET 2008"
| #define VERSION_FLAVOR "Tamarindo"
| #define STDC_HEADERS 1
| #define HAVE_SYS_TYPES_H 1
| #define HAVE_SYS_STAT_H 1
| #define HAVE_STDLIB_H 1
| #define HAVE_STRING_H 1
| #define HAVE_MEMORY_H 1
| #define HAVE_STRINGS_H 1
| #define HAVE_INTTYPES_H 1
| #define HAVE_STDINT_H 1
| #define HAVE_UNISTD_H 1
| #define HAVE_DLFCN_H 1
| /* end confdefs.h.  */
| #include <ac_nonexistent.h>
configure:5769: result: g++ -E
configure:5798: g++ -E  conftest.cpp
configure:5804: $? = 0
configure:5835: g++ -E  conftest.cpp
conftest.cpp:26:28: error: ac_nonexistent.h: No such file or directory
configure:5841: $? = 1
configure: failed program was:
| /* confdefs.h.  */
| #define PACKAGE_NAME "tstat"
| #define PACKAGE_TARNAME "tstat"
| #define PACKAGE_VERSION "2.0.9"
| #define PACKAGE_STRING "tstat 2.0.9"
| #define PACKAGE_BUGREPORT "<mellia@mail.tlc.polito.it> <rossi@mail.tlc.polito.it>"
| #define PACKAGE "tstat"
| #define VERSION "2.0.9"
| #define VERSION_MAJOR 2
| #define VERSION_MINOR 0
| #define VERSION_BUGFIX 9
| #define VERSION_DATE "Mon Jan 28 11:04:09 CET 2008"
| #define VERSION_FLAVOR "Tamarindo"
| #define STDC_HEADERS 1
| #define HAVE_SYS_TYPES_H 1
| #define HAVE_SYS_STAT_H 1
| #define HAVE_STDLIB_H 1
| #define HAVE_STRING_H 1
| #define HAVE_MEMORY_H 1
| #define HAVE_STRINGS_H 1
| #define HAVE_INTTYPES_H 1
| #define HAVE_STDINT_H 1
| #define HAVE_UNISTD_H 1
| #define HAVE_DLFCN_H 1
| /* end confdefs.h.  */
| #include <ac_nonexistent.h>
configure:5934: checking for g77
configure:5964: result: no
configure:5934: checking for xlf
configure:5964: result: no
configure:5934: checking for f77
configure:5964: result: no
configure:5934: checking for frt
configure:5964: result: no
configure:5934: checking for pgf77
configure:5964: result: no
configure:5934: checking for cf77
configure:5964: result: no
configure:5934: checking for fort77
configure:5964: result: no
configure:5934: checking for fl32
configure:5964: result: no
configure:5934: checking for af77
configure:5964: result: no
configure:5934: checking for xlf90
configure:5964: result: no
configure:5934: checking for f90
configure:5964: result: no
configure:5934: checking for pgf90
configure:5964: result: no
configure:5934: checking for pghpf
configure:5964: result: no
configure:5934: checking for epcf90
configure:5964: result: no
configure:5934: checking for gfortran
configure:5950: found /usr/bin/gfortran
configure:5961: result: gfortran
configure:5991: checking for Fortran 77 compiler version
configure:5998: gfortran --version >&5
GNU Fortran (Debian 4.3.2-1) 4.3.2
Copyright (C) 2008 Free Software Foundation, Inc.

GNU Fortran comes with NO WARRANTY, to the extent permitted by law.
You may redistribute copies of GNU Fortran
under the terms of the GNU General Public License.
For more information about these matters, see the file named COPYING

configure:6001: $? = 0
configure:6008: gfortran -v >&5
Using built-in specs.
Target: i486-linux-gnu
Configured with: ../src/configure -v --with-pkgversion='Debian 4.3.2-1' --with-bugurl=file:///usr/share/doc/gcc-4.3/README.Bugs --enable-languages=c,c++,fortran,objc,obj-c++ --prefix=/usr --enable-shared --with-system-zlib --libexecdir=/usr/lib --without-included-gettext --enable-threads=posix --enable-nls --with-gxx-include-dir=/usr/include/c++/4.3 --program-suffix=-4.3 --enable-clocale=gnu --enable-libstdcxx-debug --enable-objc-gc --enable-mpfr --enable-targets=all --enable-cld --enable-checking=release --build=i486-linux-gnu --host=i486-linux-gnu --target=i486-linux-gnu
Thread model: posix
gcc version 4.3.2 (Debian 4.3.2-1) 
configure:6011: $? = 0
configure:6018: gfortran -V >&5
gfortran: '-V' option must have argument
configure:6021: $? = 1
configure:6029: checking whether we are using the GNU Fortran 77 compiler
configure:6048: gfortran -c  conftest.F >&5
configure:6054: $? = 0
configure:6071: result: yes
configure:6077: checking whether gfortran accepts -g
configure:6094: gfortran -c -g conftest.f >&5
configure:6100: $? = 0
configure:6116: result: yes
configure:6145: checking the maximum length of command line arguments
configure:6257: result: 98304
configure:6269: checking command to parse /usr/bin/nm -B output from gcc object
configure:6374: gcc -c -g -O2  conftest.c >&5
configure:6377: $? = 0
configure:6381: /usr/bin/nm -B conftest.o \| sed -n -e 's/^.*[ 	]\([ABCDGIRSTW][ABCDGIRSTW]*\)[ 	][ 	]*\([_A-Za-z][_A-Za-z0-9]*\)$/\1 \2 \2/p' \> conftest.nm
configure:6384: $? = 0
configure:6436: gcc -o conftest -g -O2   conftest.c conftstm.o >&5
configure:6439: $? = 0
configure:6477: result: ok
configure:6481: checking for objdir
configure:6496: result: .libs
configure:6588: checking for ar
configure:6604: found /usr/bin/ar
configure:6615: result: ar
configure:6684: checking for ranlib
configure:6700: found /usr/bin/ranlib
configure:6711: result: ranlib
configure:6780: checking for strip
configure:6796: found /usr/bin/strip
configure:6807: result: strip
configure:7405: checking if gcc supports -fno-rtti -fno-exceptions
configure:7423: gcc -c -g -O2  -fno-rtti -fno-exceptions conftest.c >&5
cc1: warning: command line option "-fno-rtti" is valid for C++/ObjC++ but not for C
configure:7427: $? = 0
configure:7440: result: no
configure:7455: checking for gcc option to produce PIC
configure:7687: result: -fPIC
configure:7695: checking if gcc PIC flag -fPIC works
configure:7713: gcc -c -g -O2  -fPIC -DPIC conftest.c >&5
configure:7717: $? = 0
configure:7730: result: yes
configure:7758: checking if gcc static flag -static works
configure:7786: result: yes
configure:7796: checking if gcc supports -c -o file.o
configure:7817: gcc -c -g -O2  -o out/conftest2.o conftest.c >&5
configure:7821: $? = 0
configure:7843: result: yes
configure:7869: checking whether the gcc linker (/usr/bin/ld) supports shared libraries
configure:8850: result: yes
configure:8871: checking whether -lc should be explicitly linked in
configure:8876: gcc -c -g -O2  conftest.c >&5
configure:8879: $? = 0
configure:8894: gcc -shared conftest.o  -v -Wl,-soname -Wl,conftest -o conftest 2\>\&1 \| grep  -lc  \>/dev/null 2\>\&1
configure:8897: $? = 0
configure:8909: result: no
configure:8917: checking dynamic linker characteristics
configure:9531: result: GNU/Linux ld.so
configure:9555: checking how to hardcode library paths into programs
configure:9580: result: immediate
configure:9594: checking whether stripping libraries is possible
configure:9599: result: yes
configure:10401: checking if libtool supports shared libraries
configure:10403: result: yes
configure:10406: checking whether to build shared libraries
configure:10427: result: yes
configure:10430: checking whether to build static libraries
configure:10434: result: yes
configure:10528: creating libtool
configure:11121: checking for ld used by g++
configure:11188: result: /usr/bin/ld
configure:11197: checking if the linker (/usr/bin/ld) is GNU ld
configure:11212: result: yes
configure:11263: checking whether the g++ linker (/usr/bin/ld) supports shared libraries
configure:12209: result: yes
configure:12226: g++ -c -g -O2  conftest.cpp >&5
configure:12229: $? = 0
configure:12385: checking for g++ option to produce PIC
configure:12669: result: -fPIC
configure:12677: checking if g++ PIC flag -fPIC works
configure:12695: g++ -c -g -O2  -fPIC -DPIC conftest.cpp >&5
configure:12699: $? = 0
configure:12712: result: yes
configure:12740: checking if g++ static flag -static works
configure:12768: result: yes
configure:12778: checking if g++ supports -c -o file.o
configure:12799: g++ -c -g -O2  -o out/conftest2.o conftest.cpp >&5
configure:12803: $? = 0
configure:12825: result: yes
configure:12851: checking whether the g++ linker (/usr/bin/ld) supports shared libraries
configure:12880: result: yes
configure:12947: checking dynamic linker characteristics
configure:13509: result: GNU/Linux ld.so
configure:13533: checking how to hardcode library paths into programs
configure:13558: result: immediate
configure:14097: checking if libtool supports shared libraries
configure:14099: result: yes
configure:14102: checking whether to build shared libraries
configure:14122: result: yes
configure:14125: checking whether to build static libraries
configure:14129: result: yes
configure:14139: checking for gfortran option to produce PIC
configure:14371: result: -fPIC
configure:14379: checking if gfortran PIC flag -fPIC works
configure:14397: gfortran -c -g -O2 -fPIC conftest.f >&5
configure:14401: $? = 0
configure:14414: result: yes
configure:14442: checking if gfortran static flag -static works
configure:14470: result: yes
configure:14480: checking if gfortran supports -c -o file.o
configure:14501: gfortran -c -g -O2 -o out/conftest2.o conftest.f >&5
configure:14505: $? = 0
configure:14527: result: yes
configure:14553: checking whether the gfortran linker (/usr/bin/ld) supports shared libraries
configure:15514: result: yes
configure:15581: checking dynamic linker characteristics
configure:16143: result: GNU/Linux ld.so
configure:16167: checking how to hardcode library paths into programs
configure:16192: result: immediate
configure:19805: checking whether make sets $(MAKE)
configure:19826: result: yes
configure:19838: checking for unsigned long long int
configure:19868: gcc -c -g -O2  conftest.c >&5
configure:19874: $? = 0
configure:19889: result: yes
configure:19896: checking size of unsigned long long int
configure:20198: gcc -o conftest -g -O2   conftest.c  >&5
configure:20201: $? = 0
configure:20207: ./conftest
configure:20210: $? = 0
configure:20233: result: 8
configure:20243: checking for unsigned long int
configure:20273: gcc -c -g -O2  conftest.c >&5
configure:20279: $? = 0
configure:20294: result: yes
configure:20301: checking size of unsigned long int
configure:20603: gcc -o conftest -g -O2   conftest.c  >&5
configure:20606: $? = 0
configure:20612: ./conftest
configure:20615: $? = 0
configure:20638: result: 4
configure:20648: checking for unsigned int
configure:20678: gcc -c -g -O2  conftest.c >&5
configure:20684: $? = 0
configure:20699: result: yes
configure:20706: checking size of unsigned int
configure:21008: gcc -o conftest -g -O2   conftest.c  >&5
configure:21011: $? = 0
configure:21017: ./conftest
configure:21020: $? = 0
configure:21043: result: 4
configure:21053: checking for unsigned short
configure:21083: gcc -c -g -O2  conftest.c >&5
configure:21089: $? = 0
configure:21104: result: yes
configure:21111: checking size of unsigned short
configure:21413: gcc -o conftest -g -O2   conftest.c  >&5
configure:21416: $? = 0
configure:21422: ./conftest
configure:21425: $? = 0
configure:21448: result: 2
configure:21471: checking for fpurge
configure:21527: gcc -o conftest -g -O2   conftest.c  >&5
/tmp/ccAp6mym.o: In function `main':
/home/fina/Tesi/src/tstat.autotools2-merged/conftest.c:64: undefined reference to `fpurge'
collect2: ld returned 1 exit status
configure:21533: $? = 1
configure: failed program was:
| /* confdefs.h.  */
| #define PACKAGE_NAME "tstat"
| #define PACKAGE_TARNAME "tstat"
| #define PACKAGE_VERSION "2.0.9"
| #define PACKAGE_STRING "tstat 2.0.9"
| #define PACKAGE_BUGREPORT "<mellia@mail.tlc.polito.it> <rossi@mail.tlc.polito.it>"
| #define PACKAGE "tstat"
| #define VERSION "2.0.9"
| #define VERSION_MAJOR 2
| #define VERSION_MINOR 0
| #define VERSION_BUGFIX 9
| #define VERSION_DATE "Mon Jan 28 11:04:09 CET 2008"
| #define VERSION_FLAVOR "Tamarindo"
| #define STDC_HEADERS 1
| #define HAVE_SYS_TYPES_H 1
| #define HAVE_SYS_STAT_H 1
| #define HAVE_STDLIB_H 1
| #define HAVE_STRING_H 1
| #define HAVE_MEMORY_H 1
| #define HAVE_STRINGS_H 1
| #define HAVE_INTTYPES_H 1
| #define HAVE_STDINT_H 1
| #define HAVE_UNISTD_H 1
| #define HAVE_DLFCN_H 1
| #define SIZEOF_UNSIGNED_LONG_LONG_INT 8
| #define SIZEOF_UNSIGNED_LONG_INT 4
| #define SIZEOF_UNSIGNED_INT 4
| #define SIZEOF_UNSIGNED_SHORT 2
| /* end confdefs.h.  */
| /* Define fpurge to an innocuous variant, in case <limits.h> declares fpurge.
|    For example, HP-UX 11i <limits.h> declares gettimeofday.  */
| #define fpurge innocuous_fpurge
| 
| /* System header to define __stub macros and hopefully few prototypes,
|     which can conflict with char fpurge (); below.
|     Prefer <limits.h> to <assert.h> if __STDC__ is defined, since
|     <limits.h> exists even on freestanding compilers.  */
| 
| #ifdef __STDC__
| # include <limits.h>
| #else
| # include <assert.h>
| #endif
| 
| #undef fpurge
| 
| /* Override any GCC internal prototype to avoid an error.
|    Use char because int might match the return type of a GCC
|    builtin and then its argument prototype would still apply.  */
| #ifdef __cplusplus
| extern "C"
| #endif
| char fpurge ();
| /* The GNU C library defines this for functions which it implements
|     to always fail with ENOSYS.  Some functions are actually named
|     something starting with __ and the normal name is an alias.  */
| #if defined __stub_fpurge || defined __stub___fpurge
| choke me
| #endif
| 
| int
| main ()
| {
| return fpurge ();
|   ;
|   return 0;
| }
configure:21551: result: no
configure:21567: checking for mkstemp
configure:21623: gcc -o conftest -g -O2   conftest.c  >&5
configure:21629: $? = 0
configure:21647: result: yes
configure:21663: checking for inet_pton
configure:21719: gcc -o conftest -g -O2   conftest.c  >&5
configure:21725: $? = 0
configure:21743: result: yes
configure:21764: checking for log in -lm
configure:21799: gcc -o conftest -g -O2   conftest.c -lm   >&5
conftest.c:39: warning: conflicting types for built-in function 'log'
configure:21805: $? = 0
configure:21823: result: yes
configure:21839: checking for pthread_cond_init in -lpthread
configure:21874: gcc -o conftest -g -O2   conftest.c -lpthread  -lm  >&5
configure:21880: $? = 0
configure:21898: result: yes
configure:21998: checking pcap.h usability
configure:22015: gcc -c -g -O2  conftest.c >&5
configure:22021: $? = 0
configure:22035: result: yes
configure:22039: checking pcap.h presence
configure:22054: gcc -E  conftest.c
configure:22060: $? = 0
configure:22074: result: yes
configure:22107: checking for pcap.h
configure:22115: result: yes
configure:22145: checking net/bpf.h usability
configure:22162: gcc -c -g -O2  conftest.c >&5
conftest.c:68:21: error: net/bpf.h: No such file or directory
configure:22168: $? = 1
configure: failed program was:
| /* confdefs.h.  */
| #define PACKAGE_NAME "tstat"
| #define PACKAGE_TARNAME "tstat"
| #define PACKAGE_VERSION "2.0.9"
| #define PACKAGE_STRING "tstat 2.0.9"
| #define PACKAGE_BUGREPORT "<mellia@mail.tlc.polito.it> <rossi@mail.tlc.polito.it>"
| #define PACKAGE "tstat"
| #define VERSION "2.0.9"
| #define VERSION_MAJOR 2
| #define VERSION_MINOR 0
| #define VERSION_BUGFIX 9
| #define VERSION_DATE "Mon Jan 28 11:04:09 CET 2008"
| #define VERSION_FLAVOR "Tamarindo"
| #define STDC_HEADERS 1
| #define HAVE_SYS_TYPES_H 1
| #define HAVE_SYS_STAT_H 1
| #define HAVE_STDLIB_H 1
| #define HAVE_STRING_H 1
| #define HAVE_MEMORY_H 1
| #define HAVE_STRINGS_H 1
| #define HAVE_INTTYPES_H 1
| #define HAVE_STDINT_H 1
| #define HAVE_UNISTD_H 1
| #define HAVE_DLFCN_H 1
| #define SIZEOF_UNSIGNED_LONG_LONG_INT 8
| #define SIZEOF_UNSIGNED_LONG_INT 4
| #define SIZEOF_UNSIGNED_INT 4
| #define SIZEOF_UNSIGNED_SHORT 2
| #define HAVE_MKSTEMP 1
| #define HAVE_INET_PTON 1
| #define HAVE_LIBM 1
| #define HAVE_LIBPTHREAD 1
| #define HAVE_PCAP_H 1
| /* end confdefs.h.  */
| #include <stdio.h>
| #ifdef HAVE_SYS_TYPES_H
| # include <sys/types.h>
| #endif
| #ifdef HAVE_SYS_STAT_H
| # include <sys/stat.h>
| #endif
| #ifdef STDC_HEADERS
| # include <stdlib.h>
| # include <stddef.h>
| #else
| # ifdef HAVE_STDLIB_H
| #  include <stdlib.h>
| # endif
| #endif
| #ifdef HAVE_STRING_H
| # if !defined STDC_HEADERS && defined HAVE_MEMORY_H
| #  include <memory.h>
| # endif
| # include <string.h>
| #endif
| #ifdef HAVE_STRINGS_H
| # include <strings.h>
| #endif
| #ifdef HAVE_INTTYPES_H
| # include <inttypes.h>
| #endif
| #ifdef HAVE_STDINT_H
| # include <stdint.h>
| #endif
| #ifdef HAVE_UNISTD_H
| # include <unistd.h>
| #endif
| #include <net/bpf.h>
configure:22182: result: no
configure:22186: checking net/bpf.h presence
configure:22201: gcc -E  conftest.c
conftest.c:35:21: error: net/bpf.h: No such file or directory
configure:22207: $? = 1
configure: failed program was:
| /* confdefs.h.  */
| #define PACKAGE_NAME "tstat"
| #define PACKAGE_TARNAME "tstat"
| #define PACKAGE_VERSION "2.0.9"
| #define PACKAGE_STRING "tstat 2.0.9"
| #define PACKAGE_BUGREPORT "<mellia@mail.tlc.polito.it> <rossi@mail.tlc.polito.it>"
| #define PACKAGE "tstat"
| #define VERSION "2.0.9"
| #define VERSION_MAJOR 2
| #define VERSION_MINOR 0
| #define VERSION_BUGFIX 9
| #define VERSION_DATE "Mon Jan 28 11:04:09 CET 2008"
| #define VERSION_FLAVOR "Tamarindo"
| #define STDC_HEADERS 1
| #define HAVE_SYS_TYPES_H 1
| #define HAVE_SYS_STAT_H 1
| #define HAVE_STDLIB_H 1
| #define HAVE_STRING_H 1
| #define HAVE_MEMORY_H 1
| #define HAVE_STRINGS_H 1
| #define HAVE_INTTYPES_H 1
| #define HAVE_STDINT_H 1
| #define HAVE_UNISTD_H 1
| #define HAVE_DLFCN_H 1
| #define SIZEOF_UNSIGNED_LONG_LONG_INT 8
| #define SIZEOF_UNSIGNED_LONG_INT 4
| #define SIZEOF_UNSIGNED_INT 4
| #define SIZEOF_UNSIGNED_SHORT 2
| #define HAVE_MKSTEMP 1
| #define HAVE_INET_PTON 1
| #define HAVE_LIBM 1
| #define HAVE_LIBPTHREAD 1
| #define HAVE_PCAP_H 1
| /* end confdefs.h.  */
| #include <net/bpf.h>
configure:22221: result: no
configure:22254: checking for net/bpf.h
configure:22262: result: no
configure:22290: checking pcap-bpf.h usability
configure:22307: gcc -c -g -O2  conftest.c >&5
configure:22313: $? = 0
configure:22327: result: yes
configure:22331: checking pcap-bpf.h presence
configure:22346: gcc -E  conftest.c
configure:22352: $? = 0
configure:22366: result: yes
configure:22399: checking for pcap-bpf.h
configure:22407: result: yes
configure:22422: checking for pcap_open_live in -lpcap
configure:22457: gcc -o conftest -g -O2   conftest.c -lpcap  -lpthread -lm  >&5
configure:22463: $? = 0
configure:22481: result: yes
configure:22532: checking for library containing rrd_init
configure:22573: gcc -o conftest -g -O2   conftest.c -lpcap -lpthread -lm  >&5
/tmp/cc81E5xp.o: In function `main':
/home/fina/Tesi/src/tstat.autotools2-merged/conftest.c:48: undefined reference to `rrd_init'
collect2: ld returned 1 exit status
configure:22579: $? = 1
configure: failed program was:
| /* confdefs.h.  */
| #define PACKAGE_NAME "tstat"
| #define PACKAGE_TARNAME "tstat"
| #define PACKAGE_VERSION "2.0.9"
| #define PACKAGE_STRING "tstat 2.0.9"
| #define PACKAGE_BUGREPORT "<mellia@mail.tlc.polito.it> <rossi@mail.tlc.polito.it>"
| #define PACKAGE "tstat"
| #define VERSION "2.0.9"
| #define VERSION_MAJOR 2
| #define VERSION_MINOR 0
| #define VERSION_BUGFIX 9
| #define VERSION_DATE "Mon Jan 28 11:04:09 CET 2008"
| #define VERSION_FLAVOR "Tamarindo"
| #define STDC_HEADERS 1
| #define HAVE_SYS_TYPES_H 1
| #define HAVE_SYS_STAT_H 1
| #define HAVE_STDLIB_H 1
| #define HAVE_STRING_H 1
| #define HAVE_MEMORY_H 1
| #define HAVE_STRINGS_H 1
| #define HAVE_INTTYPES_H 1
| #define HAVE_STDINT_H 1
| #define HAVE_UNISTD_H 1
| #define HAVE_DLFCN_H 1
| #define SIZEOF_UNSIGNED_LONG_LONG_INT 8
| #define SIZEOF_UNSIGNED_LONG_INT 4
| #define SIZEOF_UNSIGNED_INT 4
| #define SIZEOF_UNSIGNED_SHORT 2
| #define HAVE_MKSTEMP 1
| #define HAVE_INET_PTON 1
| #define HAVE_LIBM 1
| #define HAVE_LIBPTHREAD 1
| #define HAVE_PCAP_H 1
| #define HAVE_PCAP_BPF_H 1
| #define HAVE_LIBPCAP 1
| /* end confdefs.h.  */
| 
| /* Override any GCC internal prototype to avoid an error.
|    Use char because int might match the return type of a GCC
|    builtin and then its argument prototype would still apply.  */
| #ifdef __cplusplus
| extern "C"
| #endif
| char rrd_init ();
| int
| main ()
| {
| return rrd_init ();
|   ;
|   return 0;
| }
configure:22573: gcc -o conftest -g -O2   conftest.c -lrrd  -lpcap -lpthread -lm  >&5
configure:22579: $? = 0
configure:22607: result: -lrrd
configure:22633: checking rrd.h usability
configure:22650: gcc -c -g -O2  conftest.c >&5
configure:22656: $? = 0
configure:22670: result: yes
configure:22674: checking rrd.h presence
configure:22689: gcc -E  conftest.c
configure:22695: $? = 0
configure:22709: result: yes
configure:22742: checking for rrd.h
configure:22750: result: yes
configure:22917: creating ./config.status

## ---------------------- ##
## Running config.status. ##
## ---------------------- ##

This file was extended by tstat config.status 2.0.9, which was
generated by GNU Autoconf 2.61.  Invocation command line was

  CONFIG_FILES    = 
  CONFIG_HEADERS  = 
  CONFIG_LINKS    = 
  CONFIG_COMMANDS = 
  $ ./config.status 

on supertramp

config.status:678: creating Makefile
config.status:678: creating tstat/Makefile
config.status:678: creating libtstat/Makefile
config.status:678: creating libtstat/libtstat.pc
config.status:678: creating libtstat-demo/Makefile
config.status:678: creating README
config.status:678: creating NEWS
config.status:678: creating config.h
config.status:969: executing depfiles commands

## ---------------- ##
## Cache variables. ##
## ---------------- ##

ac_cv_build=i686-pc-linux-gnu
ac_cv_c_compiler_gnu=yes
ac_cv_cxx_compiler_gnu=yes
ac_cv_env_CCC_set=
ac_cv_env_CCC_value=
ac_cv_env_CC_set=
ac_cv_env_CC_value=
ac_cv_env_CFLAGS_set=
ac_cv_env_CFLAGS_value=
ac_cv_env_CPPFLAGS_set=
ac_cv_env_CPPFLAGS_value=
ac_cv_env_CPP_set=
ac_cv_env_CPP_value=
ac_cv_env_CXXCPP_set=
ac_cv_env_CXXCPP_value=
ac_cv_env_CXXFLAGS_set=
ac_cv_env_CXXFLAGS_value=
ac_cv_env_CXX_set=
ac_cv_env_CXX_value=
ac_cv_env_F77_set=
ac_cv_env_F77_value=
ac_cv_env_FFLAGS_set=
ac_cv_env_FFLAGS_value=
ac_cv_env_LDFLAGS_set=
ac_cv_env_LDFLAGS_value=
ac_cv_env_LIBS_set=
ac_cv_env_LIBS_value=
ac_cv_env_build_alias_set=
ac_cv_env_build_alias_value=
ac_cv_env_host_alias_set=
ac_cv_env_host_alias_value=
ac_cv_env_target_alias_set=
ac_cv_env_target_alias_value=
ac_cv_f77_compiler_gnu=yes
ac_cv_func_fpurge=no
ac_cv_func_inet_pton=yes
ac_cv_func_mkstemp=yes
ac_cv_header_dlfcn_h=yes
ac_cv_header_inttypes_h=yes
ac_cv_header_memory_h=yes
ac_cv_header_net_bpf_h=no
ac_cv_header_pcap_bpf_h=yes
ac_cv_header_pcap_h=yes
ac_cv_header_rrd_h=yes
ac_cv_header_stdc=yes
ac_cv_header_stdint_h=yes
ac_cv_header_stdlib_h=yes
ac_cv_header_string_h=yes
ac_cv_header_strings_h=yes
ac_cv_header_sys_stat_h=yes
ac_cv_header_sys_types_h=yes
ac_cv_header_unistd_h=yes
ac_cv_host=i686-pc-linux-gnu
ac_cv_lib_m_log=yes
ac_cv_lib_pcap_pcap_open_live=yes
ac_cv_lib_pthread_pthread_cond_init=yes
ac_cv_objext=o
ac_cv_path_EGREP='/bin/grep -E'
ac_cv_path_GREP=/bin/grep
ac_cv_path_install='/usr/bin/install -c'
ac_cv_path_mkdir=/bin/mkdir
ac_cv_prog_AWK=gawk
ac_cv_prog_CPP='gcc -E'
ac_cv_prog_CXXCPP='g++ -E'
ac_cv_prog_ac_ct_AR=ar
ac_cv_prog_ac_ct_CC=gcc
ac_cv_prog_ac_ct_CXX=g++
ac_cv_prog_ac_ct_F77=gfortran
ac_cv_prog_ac_ct_RANLIB=ranlib
ac_cv_prog_ac_ct_STRIP=strip
ac_cv_prog_cc_c89=
ac_cv_prog_cc_g=yes
ac_cv_prog_cxx_g=yes
ac_cv_prog_f77_g=yes
ac_cv_prog_make_make_set=yes
ac_cv_search_rrd_init=-lrrd
ac_cv_sizeof_unsigned_int=4
ac_cv_sizeof_unsigned_long_int=4
ac_cv_sizeof_unsigned_long_long_int=8
ac_cv_sizeof_unsigned_short=2
ac_cv_type_unsigned_int=yes
ac_cv_type_unsigned_long_int=yes
ac_cv_type_unsigned_long_long_int=yes
ac_cv_type_unsigned_short=yes
am_cv_CC_dependencies_compiler_type=gcc3
am_cv_CXX_dependencies_compiler_type=gcc3
lt_cv_deplibs_check_method=pass_all
lt_cv_file_magic_cmd='$MAGIC_CMD'
lt_cv_file_magic_test_file=
lt_cv_ld_reload_flag=-r
lt_cv_objdir=.libs
lt_cv_path_LD=/usr/bin/ld
lt_cv_path_LDCXX=/usr/bin/ld
lt_cv_path_NM='/usr/bin/nm -B'
lt_cv_path_SED=/bin/sed
lt_cv_prog_compiler_c_o=yes
lt_cv_prog_compiler_c_o_CXX=yes
lt_cv_prog_compiler_c_o_F77=yes
lt_cv_prog_compiler_pic_works=yes
lt_cv_prog_compiler_pic_works_CXX=yes
lt_cv_prog_compiler_pic_works_F77=yes
lt_cv_prog_compiler_rtti_exceptions=no
lt_cv_prog_compiler_static_works=yes
lt_cv_prog_compiler_static_works_CXX=yes
lt_cv_prog_compiler_static_works_F77=yes
lt_cv_prog_gnu_ld=yes
lt_cv_prog_gnu_ldcxx=yes
lt_cv_sys_global_symbol_pipe='sed -n -e '\''s/^.*[ 	]\([ABCDGIRSTW][ABCDGIRSTW]*\)[ 	][ 	]*\([_A-Za-z][_A-Za-z0-9]*\)$/\1 \2 \2/p'\'''
lt_cv_sys_global_symbol_to_c_name_address='sed -n -e '\''s/^: \([^ ]*\) $/  {\"\1\", (lt_ptr) 0},/p'\'' -e '\''s/^[BCDEGRST] \([^ ]*\) \([^ ]*\)$/  {"\2", (lt_ptr) \&\2},/p'\'''
lt_cv_sys_global_symbol_to_cdecl='sed -n -e '\''s/^. .* \(.*\)$/extern int \1;/p'\'''
lt_cv_sys_lib_dlsearch_path_spec='/lib /usr/lib /lib/i486-linux-gnu /usr/lib/i486-linux-gnu /usr/lib/R/lib /usr/local/lib '
lt_cv_sys_lib_search_path_spec='/usr/lib/gcc/i486-linux-gnu/4.3.2 /usr/lib /lib'
lt_cv_sys_max_cmd_len=98304
lt_lt_cv_prog_compiler_c_o='"yes"'
lt_lt_cv_prog_compiler_c_o_CXX='"yes"'
lt_lt_cv_prog_compiler_c_o_F77='"yes"'
lt_lt_cv_sys_global_symbol_pipe='"sed -n -e '\''s/^.*[ 	]\\([ABCDGIRSTW][ABCDGIRSTW]*\\)[ 	][ 	]*\\([_A-Za-z][_A-Za-z0-9]*\\)\$/\\1 \\2 \\2/p'\''"'
lt_lt_cv_sys_global_symbol_to_c_name_address='"sed -n -e '\''s/^: \\([^ ]*\\) \$/  {\\\"\\1\\\", (lt_ptr) 0},/p'\'' -e '\''s/^[BCDEGRST] \\([^ ]*\\) \\([^ ]*\\)\$/  {\"\\2\", (lt_ptr) \\&\\2},/p'\''"'
lt_lt_cv_sys_global_symbol_to_cdecl='"sed -n -e '\''s/^. .* \\(.*\\)\$/extern int \\1;/p'\''"'

## ----------------- ##
## Output variables. ##
## ----------------- ##

ACLOCAL='${SHELL} /home/fina/Tesi/src/tstat.autotools2-merged/config/missing --run aclocal-1.10'
AMDEPBACKSLASH='\'
AMDEP_FALSE='#'
AMDEP_TRUE=''
AMTAR='${SHELL} /home/fina/Tesi/src/tstat.autotools2-merged/config/missing --run tar'
AR='ar'
AUTOCONF='${SHELL} /home/fina/Tesi/src/tstat.autotools2-merged/config/missing --run autoconf'
AUTOHEADER='${SHELL} /home/fina/Tesi/src/tstat.autotools2-merged/config/missing --run autoheader'
AUTOMAKE='${SHELL} /home/fina/Tesi/src/tstat.autotools2-merged/config/missing --run automake-1.10'
AWK='gawk'
CC='gcc'
CCDEPMODE='depmode=gcc3'
CFLAGS='-g -O2'
CPP='gcc -E'
CPPFLAGS=''
CXX='g++'
CXXCPP='g++ -E'
CXXDEPMODE='depmode=gcc3'
CXXFLAGS='-g -O2'
CYGPATH_W='echo'
DEFS='-DHAVE_CONFIG_H'
DEPDIR='.deps'
DSYMUTIL=''
ECHO='echo'
ECHO_C=''
ECHO_N='-n'
ECHO_T=''
EGREP='/bin/grep -E'
EXEEXT=''
F77='gfortran'
FFLAGS='-g -O2'
GREP='/bin/grep'
INSTALL_DATA='${INSTALL} -m 644'
INSTALL_PROGRAM='${INSTALL}'
INSTALL_SCRIPT='${INSTALL}'
INSTALL_STRIP_PROGRAM='$(install_sh) -c -s'
LDFLAGS=''
LIBOBJS=''
LIBS='-lrrd -lpcap -lpthread -lm '
LIBTOOL='$(SHELL) $(top_builddir)/libtool'
LIBTSTAT_FALSE=''
LIBTSTAT_TRUE='#'
LIBTSTAT_VERSION='1.0.0'
LN_S='ln -s'
LTLIBOBJS=''
MAKEINFO='${SHELL} /home/fina/Tesi/src/tstat.autotools2-merged/config/missing --run makeinfo'
NMEDIT=''
OBJEXT='o'
PACKAGE='tstat'
PACKAGE_BUGREPORT='<mellia@mail.tlc.polito.it> <rossi@mail.tlc.polito.it>'
PACKAGE_NAME='tstat'
PACKAGE_STRING='tstat 2.0.9'
PACKAGE_TARNAME='tstat'
PACKAGE_VERSION='2.0.9'
PATH_SEPARATOR=':'
PCAP_LDLINK='-lpcap'
RANLIB='ranlib'
RRD_LDLINK='-lrrd'
SED='/bin/sed'
SET_MAKE=''
SHELL='/bin/sh'
STRIP='strip'
VERSION='2.0.9'
V_CCOPT=''
V_DEFINES=' -D_BSD_SOURCE -DHAVE_RRDTOOL'
V_INCLS=''
ac_ct_CC='gcc'
ac_ct_CXX='g++'
ac_ct_F77='gfortran'
am__fastdepCC_FALSE='#'
am__fastdepCC_TRUE=''
am__fastdepCXX_FALSE='#'
am__fastdepCXX_TRUE=''
am__include='include'
am__isrc=''
am__leading_dot='.'
am__quote=''
am__tar='${AMTAR} chof - "$$tardir"'
am__untar='${AMTAR} xf -'
bindir='${exec_prefix}/bin'
build='i686-pc-linux-gnu'
build_alias=''
build_cpu='i686'
build_os='linux-gnu'
build_vendor='pc'
datadir='${datarootdir}'
datarootdir='${prefix}/share'
docdir='${datarootdir}/doc/${PACKAGE_TARNAME}'
dvidir='${docdir}'
exec_prefix='${prefix}'
host='i686-pc-linux-gnu'
host_alias=''
host_cpu='i686'
host_os='linux-gnu'
host_vendor='pc'
htmldir='${docdir}'
includedir='${prefix}/include'
infodir='${datarootdir}/info'
install_sh='$(SHELL) /home/fina/Tesi/src/tstat.autotools2-merged/config/install-sh'
libdir='${exec_prefix}/lib'
libexecdir='${exec_prefix}/libexec'
localedir='${datarootdir}/locale'
localstatedir='${prefix}/var'
mandir='${datarootdir}/man'
mkdir_p='/bin/mkdir -p'
oldincludedir='/usr/include'
pdfdir='${docdir}'
prefix='/usr/local'
program_transform_name='s,x,x,'
psdir='${docdir}'
sbindir='${exec_prefix}/sbin'
sharedstatedir='${prefix}/com'
sysconfdir='${prefix}/etc'
target_alias=''

## ----------- ##
## confdefs.h. ##
## ----------- ##

#define PACKAGE_NAME "tstat"
#define PACKAGE_TARNAME "tstat"
#define PACKAGE_VERSION "2.0.9"
#define PACKAGE_STRING "tstat 2.0.9"
#define PACKAGE_BUGREPORT "<mellia@mail.tlc.polito.it> <rossi@mail.tlc.polito.it>"
#define PACKAGE "tstat"
#define VERSION "2.0.9"
#define VERSION_MAJOR 2
#define VERSION_MINOR 0
#define VERSION_BUGFIX 9
#define VERSION_DATE "Mon Jan 28 11:04:09 CET 2008"
#define VERSION_FLAVOR "Tamarindo"
#define STDC_HEADERS 1
#define HAVE_SYS_TYPES_H 1
#define HAVE_SYS_STAT_H 1
#define HAVE_STDLIB_H 1
#define HAVE_STRING_H 1
#define HAVE_MEMORY_H 1
#define HAVE_STRINGS_H 1
#define HAVE_INTTYPES_H 1
#define HAVE_STDINT_H 1
#define HAVE_UNISTD_H 1
#define HAVE_DLFCN_H 1
#define SIZEOF_UNSIGNED_LONG_LONG_INT 8
#define SIZEOF_UNSIGNED_LONG_INT 4
#define SIZEOF_UNSIGNED_INT 4
#define SIZEOF_UNSIGNED_SHORT 2
#define HAVE_MKSTEMP 1
#define HAVE_INET_PTON 1
#define HAVE_LIBM 1
#define HAVE_LIBPTHREAD 1
#define HAVE_PCAP_H 1
#define HAVE_PCAP_BPF_H 1
#define HAVE_LIBPCAP 1
#define HAVE_RRD_H 1

configure: exit 0

## ---------------------- ##
## Running config.status. ##
## ---------------------- ##

This file was extended by tstat config.status 2.0.9, which was
generated by GNU Autoconf 2.61.  Invocation command line was

  CONFIG_FILES    = 
  CONFIG_HEADERS  = 
  CONFIG_LINKS    = 
  CONFIG_COMMANDS = 
  $ ./config.status tstat/Makefile depfiles

on supertramp

config.status:678: creating tstat/Makefile
config.status:969: executing depfiles commands

## ---------------------- ##
## Running config.status. ##
## ---------------------- ##

This file was extended by tstat config.status 2.0.9, which was
generated by GNU Autoconf 2.61.  Invocation command line was

  CONFIG_FILES    = 
  CONFIG_HEADERS  = 
  CONFIG_LINKS    = 
  CONFIG_COMMANDS = 
  $ ./config.status libtstat/Makefile depfiles

on supertramp

config.status:678: creating libtstat/Makefile
config.status:969: executing depfiles commands
