This is TeX, Version 3.14159 (Web2C 7.4.5) (format=latex 2005.3.21)  7 JUN 2005 11:39
**HOWTO
(./HOWTO.tex
LaTeX2e <2001/06/01>
Babel <v3.7h> and hyphenation patterns for american, french, german, ngerman, n
ohyphenation, loaded.
(/usr/share/texmf/tex/latex/base/article.cls
Document Class: article 2001/04/21 v1.4e Standard LaTeX document class
(/usr/share/texmf/tex/latex/base/size11.clo
File: size11.clo 2001/04/21 v1.4e Standard LaTeX file (size option)
)
\c@part=\count79
\c@section=\count80
\c@subsection=\count81
\c@subsubsection=\count82
\c@paragraph=\count83
\c@subparagraph=\count84
\c@figure=\count85
\c@table=\count86
\abovecaptionskip=\skip41
\belowcaptionskip=\skip42
\bibindent=\dimen102
)
(/usr/share/texmf/tex/latex/misc/a4wide.sty
Package: a4wide 1994/08/30

(/usr/share/texmf/tex/latex/ntgclass/a4.sty
Package: a4 1999/03/03 v1.2f A4 based page layout
))
(/usr/share/texmf/tex/latex/graphics/graphicx.sty
Package: graphicx 1999/02/16 v1.0f Enhanced LaTeX Graphics (DPC,SPQR)

(/usr/share/texmf/tex/latex/graphics/keyval.sty
Package: keyval 1999/03/16 v1.13 key=value parser (DPC)
\KV@toks@=\toks14
)
(/usr/share/texmf/tex/latex/graphics/graphics.sty
Package: graphics 2001/07/07 v1.0n Standard LaTeX Graphics (DPC,SPQR)

(/usr/share/texmf/tex/latex/graphics/trig.sty
Package: trig 1999/03/16 v1.09 sin cos tan (DPC)
)
(/usr/share/texmf/tex/latex/config/graphics.cfg
File: graphics.cfg 2001/08/31 v1.1 graphics configuration of teTeX/TeXLive
)
Package graphics Info: Driver file: dvips.def on input line 80.

(/usr/share/texmf/tex/latex/graphics/dvips.def
File: dvips.def 1999/02/16 v3.0i Driver-dependant file (DPC,SPQR)
))
\Gin@req@height=\dimen103
\Gin@req@width=\dimen104
) (./HOWTO.aux)
\openout1 = `HOWTO.aux'.

LaTeX Font Info:    Checking defaults for OML/cmm/m/it on input line 6.
LaTeX Font Info:    ... okay on input line 6.
LaTeX Font Info:    Checking defaults for T1/cmr/m/n on input line 6.
LaTeX Font Info:    ... okay on input line 6.
LaTeX Font Info:    Checking defaults for OT1/cmr/m/n on input line 6.
LaTeX Font Info:    ... okay on input line 6.
LaTeX Font Info:    Checking defaults for OMS/cmsy/m/n on input line 6.
LaTeX Font Info:    ... okay on input line 6.
LaTeX Font Info:    Checking defaults for OMX/cmex/m/n on input line 6.
LaTeX Font Info:    ... okay on input line 6.
LaTeX Font Info:    Checking defaults for U/cmr/m/n on input line 6.
LaTeX Font Info:    ... okay on input line 6.
File: tstat_banner.eps Graphic file (type eps)

<tstat_banner.eps> (./HOWTO.toc
LaTeX Font Info:    External font `cmex10' loaded for size
(Font)              <10.95> on input line 2.
LaTeX Font Info:    External font `cmex10' loaded for size
(Font)              <8> on input line 2.
LaTeX Font Info:    External font `cmex10' loaded for size
(Font)              <6> on input line 2.
)
\tf@toc=\write3
\openout3 = `HOWTO.toc'.

 [1

]
LaTeX Font Info:    Try loading font information for OT1+ppl on input line 21.

(/usr/share/texmf/tex/latex/psnfss/ot1ppl.fd
File: ot1ppl.fd 2001/06/04 font definitions for OT1/ppl.
)
LaTeX Font Info:    Font shape `OT1/ppl/bx/n' in size <10.95> not available
(Font)              Font shape `OT1/ppl/b/n' tried instead on input line 88.
 [2

] [3]
Overfull \hbox (4.30843pt too wide) in paragraph at lines 245--254
\OT1/cmtt/m/n/10.95 rrd.conf \OT1/ppl/m/n/10.95 tells Tstat which vari-ables sh
ould be added to the RRD database. How-ever, whether
 []

[4] [5] [6]
Overfull \hbox (119.09135pt too wide) in paragraph at lines 516--516
[]   \OT1/cmtt/m/n/10 tcp_port_dst_in       idx:20,21,22,23,25,80,110,119,143,4
43,445,1214,1433,4661,4662,6881,6699,8080,other[] 
 []


Overfull \hbox (119.09135pt too wide) in paragraph at lines 516--516
[]   \OT1/cmtt/m/n/10 tcp_port_dst_out      idx:20,21,22,23,25,80,110,119,143,4
43,445,1214,1433,4661,4662,6881,6699,8080,other[] 
 []


Overfull \hbox (119.09135pt too wide) in paragraph at lines 516--516
[]   \OT1/cmtt/m/n/10 tcp_port_dst_loc      idx:20,21,22,23,25,80,110,119,143,4
43,445,1214,1433,4661,4662,6881,6699,8080,other[] 
 []

[7] [8]
LaTeX Font Info:    Try loading font information for OMS+ppl on input line 536.

 (/usr/share/texmf/tex/latex/psnfss/omsppl.fd
File: omsppl.fd 
)
LaTeX Font Info:    Font shape `OMS/ppl/m/n' in size <10.95> not available
(Font)              Font shape `OMS/cmsy/m/n' tried instead on input line 536.
 [9] [10]
Overfull \hbox (19.34222pt too wide) in paragraph at lines 627--627
[]       \OT1/cmtt/m/n/10 # template=    one of (avg|stdev|idx|prc|hit), develo
ped by applyTemplate() below[] 
 []


Overfull \hbox (12.95406pt too wide) in paragraph at lines 655--663
[]\OT1/ppl/m/n/10.95 The first item is a di-rec-tory, named af-ter the time in-
stant \OT1/cmtt/m/n/10.95 hour[]minute[]day[]Month[]year.out/
 []

[11]
File: tstat_output.eps Graphic file (type eps)
 <tstat_output.eps> [12] [13] (./HOWTO.aux) ) 
Here is how much of TeX's memory you used:
 654 strings out of 95847
 7944 string characters out of 1195948
 56128 words of memory out of 1000001
 3617 multiletter control sequences out of 10000+50000
 10181 words of font info for 35 fonts, out of 500000 for 1000
 14 hyphenation exceptions out of 1000
 25i,4n,21p,234b,344s stack positions out of 1500i,500n,5000p,200000b,5000s

Output written on HOWTO.dvi (13 pages, 37492 bytes).
