This is pdfTeXk, Version 3.141592-1.40.3 (Web2C 7.5.6) (format=latex 2008.9.28)  6 OCT 2008 13:03
entering extended mode
 %&-line parsing enabled.
**HOWTO
(./HOWTO.tex
LaTeX2e <2005/12/01>
Babel <v3.8h> and hyphenation patterns for english, usenglishmax, dumylang, noh
yphenation, italian, loaded.
(/usr/share/texmf-texlive/tex/latex/base/article.cls
Document Class: article 2005/09/16 v1.4f Standard LaTeX document class
(/usr/share/texmf-texlive/tex/latex/base/size11.clo
File: size11.clo 2005/09/16 v1.4f Standard LaTeX file (size option)
)
\c@part=\count79
\c@section=\count80
\c@subsection=\count81
\c@subsubsection=\count82
\c@paragraph=\count83
\c@subparagraph=\count84
\c@figure=\count85
\c@table=\count86
\abovecaptionskip=\skip41
\belowcaptionskip=\skip42
\bibindent=\dimen102
)
(/usr/share/texmf-texlive/tex/latex/ltxmisc/a4wide.sty
Package: a4wide 1994/08/30

(/usr/share/texmf-texlive/tex/latex/ntgclass/a4.sty
Package: a4 2004/04/15 v1.2g A4 based page layout
))
(/usr/share/texmf-texlive/tex/latex/graphics/graphicx.sty
Package: graphicx 1999/02/16 v1.0f Enhanced LaTeX Graphics (DPC,SPQR)

(/usr/share/texmf-texlive/tex/latex/graphics/keyval.sty
Package: keyval 1999/03/16 v1.13 key=value parser (DPC)
\KV@toks@=\toks14
)
(/usr/share/texmf-texlive/tex/latex/graphics/graphics.sty
Package: graphics 2006/02/20 v1.0o Standard LaTeX Graphics (DPC,SPQR)

(/usr/share/texmf-texlive/tex/latex/graphics/trig.sty
Package: trig 1999/03/16 v1.09 sin cos tan (DPC)
)
(/etc/texmf/tex/latex/config/graphics.cfg
File: graphics.cfg 2007/01/18 v1.5 graphics configuration of teTeX/TeXLive
)
Package graphics Info: Driver file: dvips.def on input line 90.

(/usr/share/texmf-texlive/tex/latex/graphics/dvips.def
File: dvips.def 1999/02/16 v3.0i Driver-dependant file (DPC,SPQR)
))
\Gin@req@height=\dimen103
\Gin@req@width=\dimen104
) (./HOWTO.aux)
\openout1 = `HOWTO.aux'.

LaTeX Font Info:    Checking defaults for OML/cmm/m/it on input line 6.
LaTeX Font Info:    ... okay on input line 6.
LaTeX Font Info:    Checking defaults for T1/cmr/m/n on input line 6.
LaTeX Font Info:    ... okay on input line 6.
LaTeX Font Info:    Checking defaults for OT1/cmr/m/n on input line 6.
LaTeX Font Info:    ... okay on input line 6.
LaTeX Font Info:    Checking defaults for OMS/cmsy/m/n on input line 6.
LaTeX Font Info:    ... okay on input line 6.
LaTeX Font Info:    Checking defaults for OMX/cmex/m/n on input line 6.
LaTeX Font Info:    ... okay on input line 6.
LaTeX Font Info:    Checking defaults for U/cmr/m/n on input line 6.
LaTeX Font Info:    ... okay on input line 6.
File: tstat_banner.eps Graphic file (type eps)

<tstat_banner.eps> (./HOWTO.toc
LaTeX Font Info:    External font `cmex10' loaded for size
(Font)              <10.95> on input line 2.
LaTeX Font Info:    External font `cmex10' loaded for size
(Font)              <8> on input line 2.
LaTeX Font Info:    External font `cmex10' loaded for size
(Font)              <6> on input line 2.
 [1

])
\tf@toc=\write3
\openout3 = `HOWTO.toc'.

 [2]
LaTeX Font Info:    Try loading font information for OT1+ppl on input line 21.

(/usr/share/texmf-texlive/tex/latex/psnfss/ot1ppl.fd
File: ot1ppl.fd 2001/06/04 font definitions for OT1/ppl.
)
Overfull \hbox (5.19623pt too wide) in paragraph at lines 39--45
\OT1/ppl/m/n/10.95 Tstat has been tested tested on \OT1/cmtt/m/n/10.95 Linux 2.
2.x\OT1/ppl/m/n/10.95 , \OT1/cmtt/m/n/10.95 2.4.x \OT1/ppl/m/n/10.95 and \OT1/c
mtt/m/n/10.95 2.6.x \OT1/ppl/m/n/10.95 ker-nels, us-ing \OT1/cmtt/m/n/10.95 Red
Hat 6.x-9.x\OT1/ppl/m/n/10.95 ,
 []

[3

]
Overfull \hbox (7.99348pt too wide) in paragraph at lines 134--137
[]\OT1/ppl/m/n/10.95 The build-ing of Libt-stat is sep-a-rated from the build-i
ng of tstat so \OT1/cmtt/m/n/10.95 libtstat/Makefile.conf
 []


Overfull \hbox (30.99324pt too wide) in paragraph at lines 155--159
\OT1/ppl/m/n/10.95 The de-fault \OT1/cmtt/m/n/10.95 prefix \OT1/ppl/m/n/10.95 f
or in-stal-la-tion is \OT1/cmtt/m/n/10.95 /usr/local \OT1/ppl/m/n/10.95 so Tsta
t ex-e-cutable in in-stalled in \OT1/cmtt/m/n/10.95 /usr/local/bin
 []


Overfull \hbox (50.54506pt too wide) in paragraph at lines 168--170
[]\OT1/ppl/m/n/10.95 Libstat is pro-vided with \OT1/cmtt/m/n/10.95 pkg-config \
OT1/ppl/m/n/10.95 sup-port so a \OT1/cmtt/m/n/10.95 libtstat.pc \OT1/ppl/m/n/10
.95 is in-stalled in \OT1/cmtt/m/n/10.95 /usr/lib/pkg-config
 []

[4] [5] [6]
Overfull \hbox (19.34222pt too wide) in paragraph at lines 336--336
[]                \OT1/cmtt/m/n/10 DPMI             Distributed Passive Measure
ment Interface (DPMI) format[] 
 []

[7]
File: tstat_output.eps Graphic file (type eps)
 <tstat_output.eps> [8]
LaTeX Font Info:    Font shape `OT1/cmtt/bx/n' in size <10.95> not available
(Font)              Font shape `OT1/cmtt/m/n' tried instead on input line 447.
 [9] [10]
LaTeX Font Info:    Try loading font information for OMS+ppl on input line 558.


(/usr/share/texmf-texlive/tex/latex/psnfss/omsppl.fd
File: omsppl.fd 
)
LaTeX Font Info:    Font shape `OMS/ppl/m/n' in size <10.95> not available
(Font)              Font shape `OMS/cmsy/m/n' tried instead on input line 558.

Overfull \hbox (70.17355pt too wide) in paragraph at lines 567--574
\OT1/ppl/m/n/10.95 the \OT1/cmtt/m/n/10.95 "%H[]%M[]%d[]%b[]%Y.out" \OT1/ppl/m/
n/10.95 (or, in a more hu-man read-able for-mat, \OT1/cmtt/m/n/10.95 hour[]minu
te[]day[]Month[]year.out/\OT1/ppl/m/n/10.95 )
 []


Overfull \hbox (5.79495pt too wide) in paragraph at lines 615--617
[]\OT1/ppl/m/n/10.95 Simple \OT1/cmss/m/n/10.95 Post Pro-cess-ing \OT1/ppl/m/n/
10.95 tools are avail-able to au-to-mat-i-cally man-age the his-togram database
. 
 []

[11]
Overfull \hbox (71.74939pt too wide) in paragraph at lines 635--638
\OT1/ppl/m/n/10.95 Tstat cre-ates three transport-layer log-files: \OT1/cmtt/m/
n/10.95 log[]tcp[]complete\OT1/ppl/m/n/10.95 , \OT1/cmtt/m/n/10.95 log[]tcp[]no
complete \OT1/ppl/m/n/10.95 and \OT1/cmtt/m/n/10.95 log[]rtp[]complete\OT1/ppl/
m/n/10.95 .
 []


Overfull \hbox (23.93028pt too wide) in paragraph at lines 661--663
[]\OT1/ppl/m/n/10.95 Description of the file for-mat of the log files can be fo
und in \OT1/cmss/m/n/10.95 http://tstat.polito.it/measure.shtml\OT1/ppl/m/n/10.
95 . 
 []

[12]
LaTeX Font Info:    Try loading font information for OMS+cmtt on input line 751
.
 (/usr/share/texmf/tex/latex/R/omscmtt.fd
File: omscmtt.fd 
)
LaTeX Font Info:    Font shape `OMS/cmtt/m/n' in size <10.95> not available
(Font)              Font shape `OMS/cmsy/m/n' tried instead on input line 751.
 [13]
Overfull \hbox (8.57347pt too wide) in paragraph at lines 793--797
[]\OT1/ppl/m/n/10.95 Finally, con-sider that on a com-mon PC ar-chi-tec-ture (s
pecif-i-cally, In-tel P4 2.40GHz equipped
 []

[14] [15]
Overfull \hbox (11.6784pt too wide) in paragraph at lines 961--969
\OT1/ppl/m/n/10.95 for the di-rec-tory where the ren-dered im-ages should be st
ored (de-faults to \OT1/cmtt/m/n/10.95 cgi-bin/rrd[]images\OT1/ppl/m/n/10.95 )
 []

[16] [17]
LaTeX Font Info:    Font shape `OT1/ppl/bx/n' in size <10.95> not available
(Font)              Font shape `OT1/ppl/b/n' tried instead on input line 1104.
 [18] [19]
Overfull \hbox (8.84232pt too wide) in paragraph at lines 1237--1237
[]    \OT1/cmtt/m/n/10 AC_CHECK_LIB([tstat], [tstat_next_pckt],, AC_MSG_ERROR([
missing 'tstat' library]))[] 
 []

[20] [21] [22] (./HOWTO.aux) ) 
Here is how much of TeX's memory you used:
 688 strings out of 95083
 8866 string characters out of 1183155
 57751 words of memory out of 1500000
 3889 multiletter control sequences out of 10000+50000
 10181 words of font info for 35 fonts, out of 1200000 for 2000
 28 hyphenation exceptions out of 8191
 25i,5n,21p,234b,289s stack positions out of 5000i,500n,6000p,200000b,5000s

Output written on HOWTO.dvi (22 pages, 67984 bytes).
